# JRE version: OpenJDK Runtime Environment Temurin-21.0.10+7 (21.0.10+7) (build 21.0.10+7-LTS)
# Java VM: OpenJDK 64-Bit Server VM Temurin-21.0.10+7 (21.0.10+7-LTS, mixed mode, sharing, tiered, compressed oops, compressed class ptrs, parallel gc, windows-amd64)
GC Precious Log:
 CardTable entry size: 512
 CPUs: 8 total, 8 available
 Memory: 16198M
 Large Page Support: Disabled
 NUMA Support: Disabled
 Compressed Oops: Enabled (32-bit)
 Alignments: Space 512K, Generation 512K, Heap 2M
 Heap Min Capacity: 100M
 Heap Initial Capacity: 100M
 Heap Max Capacity: 2G
 Pre-touch: Disabled
 Parallel Workers: 8
Heap:
 PSYoungGen      total 6144K, used 1710K [0x00000000d5580000, 0x00000000d5c80000, 0x0000000100000000)
  eden space 5632K, 25% used [0x00000000d5580000,0x00000000d56ebb70,0x00000000d5b00000)
  from space 512K, 50% used [0x00000000d5c00000,0x00000000d5c40000,0x00000000d5c80000)
  to   space 512K, 0% used [0x00000000d5b80000,0x00000000d5b80000,0x00000000d5c00000)
 ParOldGen       total 801280K, used 801267K [0x0000000080000000, 0x00000000b0e80000, 0x00000000d5580000)
  object space 801280K, 99% used [0x0000000080000000,0x00000000b0e7cde8,0x00000000b0e80000)
 Metaspace       used 99512K, committed 101312K, reserved 1179648K
  class space    used 10332K, committed 11136K, reserved 1048576K
GC Heap History (20 events):
Event: 11830.352 GC heap before
{Heap before GC invocations=1272 (full 5):
 PSYoungGen      total 6144K, used 5812K [0x00000000d5580000, 0x00000000d5d00000, 0x0000000100000000)
  eden space 5632K, 99% used [0x00000000d5580000,0x00000000d5afd0b0,0x00000000d5b00000)
  from space 512K, 37% used [0x00000000d5c80000,0x00000000d5cb0000,0x00000000d5d00000)
  to   space 512K, 0% used [0x00000000d5c00000,0x00000000d5c00000,0x00000000d5c80000)
 ParOldGen       total 796160K, used 795766K [0x0000000080000000, 0x00000000b0980000, 0x00000000d5580000)
  object space 796160K, 99% used [0x0000000080000000,0x00000000b091da68,0x00000000b0980000)
 Metaspace       used 99507K, committed 101312K, reserved 1179648K
  class space    used 10332K, committed 11136K, reserved 1048576K
}
Event: 11830.353 GC heap after
{Heap after GC invocations=1272 (full 5):
 PSYoungGen      total 6144K, used 256K [0x00000000d5580000, 0x00000000d5d00000, 0x0000000100000000)
  eden space 5632K, 0% used [0x00000000d5580000,0x00000000d5580000,0x00000000d5b00000)
  from space 512K, 50% used [0x00000000d5c00000,0x00000000d5c40000,0x00000000d5c80000)
  to   space 512K, 0% used [0x00000000d5c80000,0x00000000d5c80000,0x00000000d5d00000)
 ParOldGen       total 796160K, used 795830K [0x0000000080000000, 0x00000000b0980000, 0x00000000d5580000)
  object space 796160K, 99% used [0x0000000080000000,0x00000000b092da68,0x00000000b0980000)
 Metaspace       used 99507K, committed 101312K, reserved 1179648K
  class space    used 10332K, committed 11136K, reserved 1048576K
}
Event: 11830.364 GC heap before
{Heap before GC invocations=1273 (full 5):
 PSYoungGen      total 6144K, used 5888K [0x00000000d5580000, 0x00000000d5d00000, 0x0000000100000000)
  eden space 5632K, 100% used [0x00000000d5580000,0x00000000d5b00000,0x00000000d5b00000)
  from space 512K, 50% used [0x00000000d5c00000,0x00000000d5c40000,0x00000000d5c80000)
  to   space 512K, 0% used [0x00000000d5c80000,0x00000000d5c80000,0x00000000d5d00000)
 ParOldGen       total 796160K, used 795830K [0x0000000080000000, 0x00000000b0980000, 0x00000000d5580000)
  object space 796160K, 99% used [0x0000000080000000,0x00000000b092da68,0x00000000b0980000)
 Metaspace       used 99507K, committed 101312K, reserved 1179648K
  class space    used 10332K, committed 11136K, reserved 1048576K
}
Event: 11830.366 GC heap after
{Heap after GC invocations=1273 (full 5):
 PSYoungGen      total 6144K, used 506K [0x00000000d5580000, 0x00000000d5d00000, 0x0000000100000000)
  eden space 5632K, 0% used [0x00000000d5580000,0x00000000d5580000,0x00000000d5b00000)
  from space 512K, 98% used [0x00000000d5c80000,0x00000000d5cfe900,0x00000000d5d00000)
  to   space 1024K, 0% used [0x00000000d5b00000,0x00000000d5b00000,0x00000000d5c00000)
 ParOldGen       total 796672K, used 796200K [0x0000000080000000, 0x00000000b0a00000, 0x00000000d5580000)
  object space 796672K, 99% used [0x0000000080000000,0x00000000b098a3b8,0x00000000b0a00000)
 Metaspace       used 99507K, committed 101312K, reserved 1179648K
  class space    used 10332K, committed 11136K, reserved 1048576K
}
Event: 11830.382 GC heap before
{Heap before GC invocations=1274 (full 5):
 PSYoungGen      total 6144K, used 6138K [0x00000000d5580000, 0x00000000d5d00000, 0x0000000100000000)
  eden space 5632K, 100% used [0x00000000d5580000,0x00000000d5b00000,0x00000000d5b00000)
  from space 512K, 98% used [0x00000000d5c80000,0x00000000d5cfe900,0x00000000d5d00000)
  to   space 1024K, 0% used [0x00000000d5b00000,0x00000000d5b00000,0x00000000d5c00000)
 ParOldGen       total 796672K, used 796200K [0x0000000080000000, 0x00000000b0a00000, 0x00000000d5580000)
  object space 796672K, 99% used [0x0000000080000000,0x00000000b098a3b8,0x00000000b0a00000)
 Metaspace       used 99507K, committed 101312K, reserved 1179648K
  class space    used 10332K, committed 11136K, reserved 1048576K
}
Event: 11830.385 GC heap after
{Heap after GC invocations=1274 (full 5):
 PSYoungGen      total 6656K, used 896K [0x00000000d5580000, 0x00000000d5d00000, 0x0000000100000000)
  eden space 5632K, 0% used [0x00000000d5580000,0x00000000d5580000,0x00000000d5b00000)
  from space 1024K, 87% used [0x00000000d5b00000,0x00000000d5be0020,0x00000000d5c00000)
  to   space 1024K, 0% used [0x00000000d5c00000,0x00000000d5c00000,0x00000000d5d00000)
 ParOldGen       total 797184K, used 796738K [0x0000000080000000, 0x00000000b0a80000, 0x00000000d5580000)
  object space 797184K, 99% used [0x0000000080000000,0x00000000b0a109e0,0x00000000b0a80000)
 Metaspace       used 99507K, committed 101312K, reserved 1179648K
  class space    used 10332K, committed 11136K, reserved 1048576K
}
Event: 11830.760 GC heap before
{Heap before GC invocations=1275 (full 5):
 PSYoungGen      total 6656K, used 6528K [0x00000000d5580000, 0x00000000d5d00000, 0x0000000100000000)
  eden space 5632K, 100% used [0x00000000d5580000,0x00000000d5b00000,0x00000000d5b00000)
  from space 1024K, 87% used [0x00000000d5b00000,0x00000000d5be0020,0x00000000d5c00000)
  to   space 1024K, 0% used [0x00000000d5c00000,0x00000000d5c00000,0x00000000d5d00000)
 ParOldGen       total 797184K, used 796738K [0x0000000080000000, 0x00000000b0a80000, 0x00000000d5580000)
  object space 797184K, 99% used [0x0000000080000000,0x00000000b0a109e0,0x00000000b0a80000)
 Metaspace       used 99507K, committed 101312K, reserved 1179648K
  class space    used 10332K, committed 11136K, reserved 1048576K
}
Event: 11832.788 GC heap after
{Heap after GC invocations=1275 (full 5):
 PSYoungGen      total 6656K, used 996K [0x00000000d5580000, 0x00000000d5d00000, 0x0000000100000000)
  eden space 5632K, 0% used [0x00000000d5580000,0x00000000d5580000,0x00000000d5b00000)
  from space 1024K, 97% used [0x00000000d5c00000,0x00000000d5cf9210,0x00000000d5d00000)
  to   space 1024K, 0% used [0x00000000d5b00000,0x00000000d5b00000,0x00000000d5c00000)
 ParOldGen       total 797696K, used 797518K [0x0000000080000000, 0x00000000b0b00000, 0x00000000d5580000)
  object space 797696K, 99% used [0x0000000080000000,0x00000000b0ad3a40,0x00000000b0b00000)
 Metaspace       used 99507K, committed 101312K, reserved 1179648K
  class space    used 10332K, committed 11136K, reserved 1048576K
}
Event: 11832.798 GC heap before
{Heap before GC invocations=1276 (full 5):
 PSYoungGen      total 6656K, used 6628K [0x00000000d5580000, 0x00000000d5d00000, 0x0000000100000000)
  eden space 5632K, 100% used [0x00000000d5580000,0x00000000d5b00000,0x00000000d5b00000)
  from space 1024K, 97% used [0x00000000d5c00000,0x00000000d5cf9210,0x00000000d5d00000)
  to   space 1024K, 0% used [0x00000000d5b00000,0x00000000d5b00000,0x00000000d5c00000)
 ParOldGen       total 797696K, used 797518K [0x0000000080000000, 0x00000000b0b00000, 0x00000000d5580000)
  object space 797696K, 99% used [0x0000000080000000,0x00000000b0ad3a40,0x00000000b0b00000)
 Metaspace       used 99508K, committed 101312K, reserved 1179648K
  class space    used 10332K, committed 11136K, reserved 1048576K
}
Event: 11832.800 GC heap after
{Heap after GC invocations=1276 (full 5):
 PSYoungGen      total 6656K, used 768K [0x00000000d5580000, 0x00000000d5e00000, 0x0000000100000000)
  eden space 5632K, 0% used [0x00000000d5580000,0x00000000d5580000,0x00000000d5b00000)
  from space 1024K, 75% used [0x00000000d5b00000,0x00000000d5bc0020,0x00000000d5c00000)
  to   space 1536K, 0% used [0x00000000d5c80000,0x00000000d5c80000,0x00000000d5e00000)
 ParOldGen       total 798720K, used 798486K [0x0000000080000000, 0x00000000b0c00000, 0x00000000d5580000)
  object space 798720K, 99% used [0x0000000080000000,0x00000000b0bc5898,0x00000000b0c00000)
 Metaspace       used 99508K, committed 101312K, reserved 1179648K
  class space    used 10332K, committed 11136K, reserved 1048576K
}
Event: 11832.810 GC heap before
{Heap before GC invocations=1277 (full 5):
 PSYoungGen      total 6656K, used 6400K [0x00000000d5580000, 0x00000000d5e00000, 0x0000000100000000)
  eden space 5632K, 100% used [0x00000000d5580000,0x00000000d5b00000,0x00000000d5b00000)
  from space 1024K, 75% used [0x00000000d5b00000,0x00000000d5bc0020,0x00000000d5c00000)
  to   space 1536K, 0% used [0x00000000d5c80000,0x00000000d5c80000,0x00000000d5e00000)
 ParOldGen       total 798720K, used 798486K [0x0000000080000000, 0x00000000b0c00000, 0x00000000d5580000)
  object space 798720K, 99% used [0x0000000080000000,0x00000000b0bc5898,0x00000000b0c00000)
 Metaspace       used 99508K, committed 101312K, reserved 1179648K
  class space    used 10332K, committed 11136K, reserved 1048576K
}
Event: 11832.811 GC heap after
{Heap after GC invocations=1277 (full 5):
 PSYoungGen      total 7168K, used 1092K [0x00000000d5580000, 0x00000000d5e00000, 0x0000000100000000)
  eden space 5632K, 0% used [0x00000000d5580000,0x00000000d5580000,0x00000000d5b00000)
  from space 1536K, 71% used [0x00000000d5c80000,0x00000000d5d91210,0x00000000d5e00000)
  to   space 1536K, 0% used [0x00000000d5b00000,0x00000000d5b00000,0x00000000d5c80000)
 ParOldGen       total 799232K, used 799158K [0x0000000080000000, 0x00000000b0c80000, 0x00000000d5580000)
  object space 799232K, 99% used [0x0000000080000000,0x00000000b0c6d908,0x00000000b0c80000)
 Metaspace       used 99508K, committed 101312K, reserved 1179648K
  class space    used 10332K, committed 11136K, reserved 1048576K
}
Event: 11832.821 GC heap before
{Heap before GC invocations=1278 (full 5):
 PSYoungGen      total 7168K, used 6724K [0x00000000d5580000, 0x00000000d5e00000, 0x0000000100000000)
  eden space 5632K, 100% used [0x00000000d5580000,0x00000000d5b00000,0x00000000d5b00000)
  from space 1536K, 71% used [0x00000000d5c80000,0x00000000d5d91210,0x00000000d5e00000)
  to   space 1536K, 0% used [0x00000000d5b00000,0x00000000d5b00000,0x00000000d5c80000)
 ParOldGen       total 799232K, used 799158K [0x0000000080000000, 0x00000000b0c80000, 0x00000000d5580000)
  object space 799232K, 99% used [0x0000000080000000,0x00000000b0c6d908,0x00000000b0c80000)
 Metaspace       used 99508K, committed 101312K, reserved 1179648K
  class space    used 10332K, committed 11136K, reserved 1048576K
}
Event: 11832.823 GC heap after
{Heap after GC invocations=1278 (full 5):
 PSYoungGen      total 6656K, used 736K [0x00000000d5580000, 0x00000000d5d00000, 0x0000000100000000)
  eden space 5632K, 0% used [0x00000000d5580000,0x00000000d5580000,0x00000000d5b00000)
  from space 1024K, 71% used [0x00000000d5b00000,0x00000000d5bb8020,0x00000000d5c00000)
  to   space 1024K, 0% used [0x00000000d5c00000,0x00000000d5c00000,0x00000000d5d00000)
 ParOldGen       total 800256K, used 800132K [0x0000000080000000, 0x00000000b0d80000, 0x00000000d5580000)
  object space 800256K, 99% used [0x0000000080000000,0x00000000b0d61230,0x00000000b0d80000)
 Metaspace       used 99508K, committed 101312K, reserved 1179648K
  class space    used 10332K, committed 11136K, reserved 1048576K
}
Event: 11833.645 GC heap before
{Heap before GC invocations=1279 (full 5):
 PSYoungGen      total 6656K, used 6368K [0x00000000d5580000, 0x00000000d5d00000, 0x0000000100000000)
  eden space 5632K, 100% used [0x00000000d5580000,0x00000000d5b00000,0x00000000d5b00000)
  from space 1024K, 71% used [0x00000000d5b00000,0x00000000d5bb8020,0x00000000d5c00000)
  to   space 1024K, 0% used [0x00000000d5c00000,0x00000000d5c00000,0x00000000d5d00000)
 ParOldGen       total 800256K, used 800132K [0x0000000080000000, 0x00000000b0d80000, 0x00000000d5580000)
  object space 800256K, 99% used [0x0000000080000000,0x00000000b0d61230,0x00000000b0d80000)
 Metaspace       used 99510K, committed 101312K, reserved 1179648K
  class space    used 10332K, committed 11136K, reserved 1048576K
}
Event: 11833.648 GC heap after
{Heap after GC invocations=1279 (full 5):
 PSYoungGen      total 6656K, used 384K [0x00000000d5580000, 0x00000000d5d00000, 0x0000000100000000)
  eden space 5632K, 0% used [0x00000000d5580000,0x00000000d5580000,0x00000000d5b00000)
  from space 1024K, 37% used [0x00000000d5c00000,0x00000000d5c60000,0x00000000d5d00000)
  to   space 1024K, 0% used [0x00000000d5b00000,0x00000000d5b00000,0x00000000d5c00000)
 ParOldGen       total 801280K, used 800788K [0x0000000080000000, 0x00000000b0e80000, 0x00000000d5580000)
  object space 801280K, 99% used [0x0000000080000000,0x00000000b0e05270,0x00000000b0e80000)
 Metaspace       used 99510K, committed 101312K, reserved 1179648K
  class space    used 10332K, committed 11136K, reserved 1048576K
}
Event: 11833.665 GC heap before
{Heap before GC invocations=1280 (full 5):
 PSYoungGen      total 6656K, used 6015K [0x00000000d5580000, 0x00000000d5d00000, 0x0000000100000000)
  eden space 5632K, 99% used [0x00000000d5580000,0x00000000d5afff88,0x00000000d5b00000)
  from space 1024K, 37% used [0x00000000d5c00000,0x00000000d5c60000,0x00000000d5d00000)
  to   space 1024K, 0% used [0x00000000d5b00000,0x00000000d5b00000,0x00000000d5c00000)
 ParOldGen       total 801280K, used 800788K [0x0000000080000000, 0x00000000b0e80000, 0x00000000d5580000)
  object space 801280K, 99% used [0x0000000080000000,0x00000000b0e05270,0x00000000b0e80000)
 Metaspace       used 99512K, committed 101312K, reserved 1179648K
  class space    used 10332K, committed 11136K, reserved 1048576K
}
Event: 11833.666 GC heap after
{Heap after GC invocations=1280 (full 5):
 PSYoungGen      total 6656K, used 352K [0x00000000d5580000, 0x00000000d5c80000, 0x0000000100000000)
  eden space 5632K, 0% used [0x00000000d5580000,0x00000000d5580000,0x00000000d5b00000)
  from space 1024K, 34% used [0x00000000d5b00000,0x00000000d5b58000,0x00000000d5c00000)
  to   space 512K, 0% used [0x00000000d5c00000,0x00000000d5c00000,0x00000000d5c80000)
 ParOldGen       total 801280K, used 801049K [0x0000000080000000, 0x00000000b0e80000, 0x00000000d5580000)
  object space 801280K, 99% used [0x0000000080000000,0x00000000b0e466b8,0x00000000b0e80000)
 Metaspace       used 99512K, committed 101312K, reserved 1179648K
  class space    used 10332K, committed 11136K, reserved 1048576K
}
Event: 11833.682 GC heap before
{Heap before GC invocations=1281 (full 5):
 PSYoungGen      total 6656K, used 5984K [0x00000000d5580000, 0x00000000d5c80000, 0x0000000100000000)
  eden space 5632K, 100% used [0x00000000d5580000,0x00000000d5b00000,0x00000000d5b00000)
  from space 1024K, 34% used [0x00000000d5b00000,0x00000000d5b58000,0x00000000d5c00000)
  to   space 512K, 0% used [0x00000000d5c00000,0x00000000d5c00000,0x00000000d5c80000)
 ParOldGen       total 801280K, used 801049K [0x0000000080000000, 0x00000000b0e80000, 0x00000000d5580000)
  object space 801280K, 99% used [0x0000000080000000,0x00000000b0e466b8,0x00000000b0e80000)
 Metaspace       used 99512K, committed 101312K, reserved 1179648K
  class space    used 10332K, committed 11136K, reserved 1048576K
}
Event: 11833.683 GC heap after
{Heap after GC invocations=1281 (full 5):
 PSYoungGen      total 6144K, used 256K [0x00000000d5580000, 0x00000000d5c80000, 0x0000000100000000)
  eden space 5632K, 0% used [0x00000000d5580000,0x00000000d5580000,0x00000000d5b00000)
  from space 512K, 50% used [0x00000000d5c00000,0x00000000d5c40000,0x00000000d5c80000)
  to   space 512K, 0% used [0x00000000d5b80000,0x00000000d5b80000,0x00000000d5c00000)
 ParOldGen       total 801280K, used 801267K [0x0000000080000000, 0x00000000b0e80000, 0x00000000d5580000)
  object space 801280K, 99% used [0x0000000080000000,0x00000000b0e7cde8,0x00000000b0e80000)
 Metaspace       used 99512K, committed 101312K, reserved 1179648K
  class space    used 10332K, committed 11136K, reserved 1048576K
}

